<?xml version="1.0" encoding="UTF-8"?>
<testsuite xmlns:xsi="http://www.w3.org/2001/XMLSchema-instance" xsi:noNamespaceSchemaLocation="https://maven.apache.org/surefire/maven-surefire-plugin/xsd/surefire-test-report.xsd" name="CalcInterestTest" time="0.311" tests="17" errors="0" skipped="0" failures="4">
  <properties>
[...]
</properties>
  <testcase name="testPropertyLoanCase_TC_PB1" classname="CalcInterestTest" time="0.095"/>
  <testcase name="testPropertyLoanCase_TC_PB2" classname="CalcInterestTest" time="0.002"/>
  <testcase name="testPropertyLoanCase_TC_PB3" classname="CalcInterestTest" time="0.04">
    <failure message="expected: &lt;382499.15&gt; but was: &lt;382499.235&gt;" type="org.opentest4j.AssertionFailedError"><![CDATA[org.opentest4j.AssertionFailedError: expected: <382499.15> but was: <382499.235>
	at CalcInterestTest.testPropertyLoanCase_TC_PB3(CalcInterestTest.java:45)
]]></failure>
  </testcase>
  <testcase name="testPropertyLoanCase_TC_PB4" classname="CalcInterestTest" time="0"/>
  <testcase name="testNegativeYearLoan_TC_E3" classname="CalcInterestTest" time="0"/>
  <testcase name="testUnrealisticYearLoan_TC_E4" classname="CalcInterestTest" time="0"/>
  <testcase name="testInvalidLoanType_TC_E1" classname="CalcInterestTest" time="0.003"/>
  <testcase name="testAdditionalHomeLoan_TC_H1" classname="CalcInterestTest" time="0.007"/>
  <testcase name="testAdditionalHomeLoan_TC_H2" classname="CalcInterestTest" time="0"/>
  <testcase name="testAdditionalHomeLoan_TC_H3" classname="CalcInterestTest" time="0.001"/>
  <testcase name="testHomeLoanCase_TC_HB1" classname="CalcInterestTest" time="0.011">
    <failure message="expected: &lt;19999.8&gt; but was: &lt;39999.6&gt;" type="org.opentest4j.AssertionFailedError"><![CDATA[org.opentest4j.AssertionFailedError: expected: <19999.8> but was: <39999.6>
	at CalcInterestTest.testHomeLoanCase_TC_HB1(CalcInterestTest.java:9)
]]></failure>
  </testcase>
  <testcase name="testHomeLoanCase_TC_HB2" classname="CalcInterestTest" time="0.002"/>
  <testcase name="testHomeLoanCase_TC_HB3" classname="CalcInterestTest" time="0.004"/>
  <testcase name="testHomeLoanCase_TC_HB4" classname="CalcInterestTest" time="0.004">
    <failure message="expected: &lt;11500.0&gt; but was: &lt;20000.0&gt;" type="org.opentest4j.AssertionFailedError"><![CDATA[org.opentest4j.AssertionFailedError: expected: <11500.0> but was: <20000.0>
	at CalcInterestTest.testHomeLoanCase_TC_HB4(CalcInterestTest.java:24)
]]></failure>
  </testcase>
  <testcase name="testHomeLoanCase_TC_HB5" classname="CalcInterestTest" time="0.006">
    <failure message="expected: &lt;231000.0&gt; but was: &lt;0.0&gt;" type="org.opentest4j.AssertionFailedError"><![CDATA[org.opentest4j.AssertionFailedError: expected: <231000.0> but was: <0.0>
	at CalcInterestTest.testHomeLoanCase_TC_HB5(CalcInterestTest.java:29)
]]></failure>
  </testcase>
  <testcase name="testYearLoanZero_TC_E5" classname="CalcInterestTest" time="0.002"/>
  <testcase name="testNegativeLoanAmount_TC_E2" classname="CalcInterestTest" time="0.001"/>
</testsuite>