<?xml version="1.0" encoding="UTF-8"?>
<testsuite xmlns:xsi="http://www.w3.org/2001/XMLSchema-instance" xsi:noNamespaceSchemaLocation="https://maven.apache.org/surefire/maven-surefire-plugin/xsd/surefire-test-report.xsd" name="CalcInterestTest" time="0.311" tests="17" errors="0" skipped="0" failures="4">
  <properties>
    <property name="sun.desktop" value="windows"/>
    <property name="awt.toolkit" value="sun.awt.windows.WToolkit"/>
    <property name="file.encoding.pkg" value="sun.io"/>
    <property name="java.specification.version" value="1.8"/>
    <property name="sun.cpu.isalist" value="amd64"/>
    <property name="sun.jnu.encoding" value="Cp1252"/>
    <property name="java.class.path" value="C:\Users\avichal avneel nath\Desktop\Semester 6\CS341_A1_Codes\target\test-classes;C:\Users\avichal avneel nath\Desktop\Semester 6\CS341_A1_Codes\target\classes;C:\Users\avichal avneel nath\.m2\repository\org\junit\jupiter\junit-jupiter-api\5.8.1\junit-jupiter-api-5.8.1.jar;C:\Users\avichal avneel nath\.m2\repository\org\opentest4j\opentest4j\1.2.0\opentest4j-1.2.0.jar;C:\Users\avichal avneel nath\.m2\repository\org\junit\platform\junit-platform-commons\1.8.1\junit-platform-commons-1.8.1.jar;C:\Users\avichal avneel nath\.m2\repository\org\junit\jupiter\junit-jupiter-engine\5.8.1\junit-jupiter-engine-5.8.1.jar;C:\Users\avichal avneel nath\.m2\repository\org\junit\platform\junit-platform-engine\1.8.1\junit-platform-engine-1.8.1.jar;C:\Users\avichal avneel nath\.m2\repository\org\apiguardian\apiguardian-api\1.1.0\apiguardian-api-1.1.0.jar;"/>
    <property name="java.vm.vendor" value="Oracle Corporation"/>
    <property name="sun.arch.data.model" value="64"/>
    <property name="user.variant" value=""/>
    <property name="java.vendor.url" value="http://java.oracle.com/"/>
    <property name="user.timezone" value="Pacific/Fiji"/>
    <property name="user.country.format" value="FJ"/>
    <property name="java.vm.specification.version" value="1.8"/>
    <property name="os.name" value="Windows 10"/>
    <property name="user.country" value="US"/>
    <property name="sun.java.launcher" value="SUN_STANDARD"/>
    <property name="sun.boot.library.path" value="C:\Program Files\Java\jdk-1.8\jre\bin"/>
    <property name="sun.java.command" value="C:\Users\AVICHA~1\AppData\Local\Temp\surefire8773695833703884285\surefirebooter4519904081066512997.jar C:\Users\avichal avneel nath\AppData\Local\Temp\surefire8773695833703884285 2024-09-28T10-28-32_539-jvmRun1 surefire6698958190659798843tmp surefire_01253967793876410921tmp"/>
    <property name="surefire.test.class.path" value="C:\Users\avichal avneel nath\Desktop\Semester 6\CS341_A1_Codes\target\test-classes;C:\Users\avichal avneel nath\Desktop\Semester 6\CS341_A1_Codes\target\classes;C:\Users\avichal avneel nath\.m2\repository\org\junit\jupiter\junit-jupiter-api\5.8.1\junit-jupiter-api-5.8.1.jar;C:\Users\avichal avneel nath\.m2\repository\org\opentest4j\opentest4j\1.2.0\opentest4j-1.2.0.jar;C:\Users\avichal avneel nath\.m2\repository\org\junit\platform\junit-platform-commons\1.8.1\junit-platform-commons-1.8.1.jar;C:\Users\avichal avneel nath\.m2\repository\org\junit\jupiter\junit-jupiter-engine\5.8.1\junit-jupiter-engine-5.8.1.jar;C:\Users\avichal avneel nath\.m2\repository\org\junit\platform\junit-platform-engine\1.8.1\junit-platform-engine-1.8.1.jar;C:\Users\avichal avneel nath\.m2\repository\org\apiguardian\apiguardian-api\1.1.0\apiguardian-api-1.1.0.jar;"/>
    <property name="sun.cpu.endian" value="little"/>
    <property name="user.home" value="C:\Users\avichal avneel nath"/>
    <property name="user.language" value="en"/>
    <property name="java.specification.vendor" value="Oracle Corporation"/>
    <property name="java.home" value="C:\Program Files\Java\jdk-1.8\jre"/>
    <property name="basedir" value="C:\Users\avichal avneel nath\Desktop\Semester 6\CS341_A1_Codes"/>
    <property name="file.separator" value="\"/>
    <property name="line.separator" value="&#10;"/>
    <property name="java.vm.specification.vendor" value="Oracle Corporation"/>
    <property name="java.specification.name" value="Java Platform API Specification"/>
    <property name="java.awt.graphicsenv" value="sun.awt.Win32GraphicsEnvironment"/>
    <property name="surefire.real.class.path" value="C:\Users\AVICHA~1\AppData\Local\Temp\surefire8773695833703884285\surefirebooter4519904081066512997.jar"/>
    <property name="sun.boot.class.path" value="C:\Program Files\Java\jdk-1.8\jre\lib\resources.jar;C:\Program Files\Java\jdk-1.8\jre\lib\rt.jar;C:\Program Files\Java\jdk-1.8\jre\lib\jsse.jar;C:\Program Files\Java\jdk-1.8\jre\lib\jce.jar;C:\Program Files\Java\jdk-1.8\jre\lib\charsets.jar;C:\Program Files\Java\jdk-1.8\jre\lib\jfr.jar;C:\Program Files\Java\jdk-1.8\jre\classes"/>
    <property name="user.script" value=""/>
    <property name="sun.management.compiler" value="HotSpot 64-Bit Tiered Compilers"/>
    <property name="java.runtime.version" value="1.8.0_381-b09"/>
    <property name="user.name" value="avichal avneel nath"/>
    <property name="path.separator" value=";"/>
    <property name="os.version" value="10.0"/>
    <property name="java.endorsed.dirs" value="C:\Program Files\Java\jdk-1.8\jre\lib\endorsed"/>
    <property name="java.runtime.name" value="Java(TM) SE Runtime Environment"/>
    <property name="file.encoding" value="Cp1252"/>
    <property name="java.vm.name" value="Java HotSpot(TM) 64-Bit Server VM"/>
    <property name="localRepository" value="C:\Users\avichal avneel nath\.m2\repository"/>
    <property name="java.vendor.url.bug" value="http://bugreport.sun.com/bugreport/"/>
    <property name="java.io.tmpdir" value="C:\Users\AVICHA~1\AppData\Local\Temp\"/>
    <property name="java.version" value="1.8.0_381"/>
    <property name="user.dir" value="C:\Users\avichal avneel nath\Desktop\Semester 6\CS341_A1_Codes"/>
    <property name="os.arch" value="amd64"/>
    <property name="java.vm.specification.name" value="Java Virtual Machine Specification"/>
    <property name="java.awt.printerjob" value="sun.awt.windows.WPrinterJob"/>
    <property name="sun.os.patch.level" value=""/>
    <property name="java.library.path" value="C:\Program Files\Java\jdk-1.8\jre\bin;C:\WINDOWS\Sun\Java\bin;C:\WINDOWS\system32;C:\WINDOWS;C:\Program Files\Common Files\Oracle\Java\javapath;C:\Program Files (x86)\Common Files\Oracle\Java\java8path;C:\Program Files (x86)\Common Files\Oracle\Java\javapath;C:\Users\avichal avneel nath\Scripts\;C:\Users\avichal avneel nath\;C:\WINDOWS\system32;C:\WINDOWS;C:\WINDOWS\System32\Wbem;C:\WINDOWS\System32\WindowsPowerShell\v1.0\;C:\WINDOWS\System32\OpenSSH\;C:\Program Files\Wolfram Research\WolframScript\;C:\MinGW\bin;C:\Program Files\dotnet\;c:\Program Files (x86)\Microsoft SQL Server\100\Tools\Binn\;c:\Program Files\Microsoft SQL Server\100\Tools\Binn\;c:\Program Files\Microsoft SQL Server\100\DTS\Binn\;C:\Program Files\Microsoft VS Code\bin;C:\Program Files\MySQL\MySQL Server 8.0.34\bin;C:\Program Files\Git\cmd;C:\Program Files\nodejs\;C:\Program Files (x86)\Yarn\bin\;C:\Users\avichal avneel nath\Downloads\sqlite-amalgamation-3460000;C:\Program Files\MySQL\MySQL Server 8.0\bin;C:\Users\avichal avneel nath\Downloads\apache-maven-3.9.9-bin\bin;C:\Users\avichal avneel nath\Downloads\apache-maven-3.9.9-bin;C:\Program Files\Apache\bin;C:\Ruby33-x64\bin;C:\RailsInstaller\Ruby3.1.2\bin;C:\Users\avichal avneel nath\AppData\Local\Microsoft\WindowsApps;C:\Users\avichal avneel nath\.dotnet\tools;C:\Users\avichal avneel nath\AppData\Roaming\npm;C:\Users\avichal avneel nath\AppData\Local\Yarn\bin;C:\Program Files\Apache\bin;;."/>
    <property name="java.vm.info" value="mixed mode"/>
    <property name="java.vendor" value="Oracle Corporation"/>
    <property name="java.vm.version" value="25.381-b09"/>
    <property name="java.specification.maintenance.version" value="5"/>
    <property name="java.ext.dirs" value="C:\Program Files\Java\jdk-1.8\jre\lib\ext;C:\WINDOWS\Sun\Java\lib\ext"/>
    <property name="sun.io.unicode.encoding" value="UnicodeLittle"/>
    <property name="java.class.version" value="52.0"/>
  </properties>
  <testcase name="testPropertyLoanCase_TC_PB1" classname="CalcInterestTest" time="0.095"/>
  <testcase name="testPropertyLoanCase_TC_PB2" classname="CalcInterestTest" time="0.002"/>
  <testcase name="testPropertyLoanCase_TC_PB3" classname="CalcInterestTest" time="0.04">
    <failure message="expected: &lt;382499.15&gt; but was: &lt;382499.235&gt;" type="org.opentest4j.AssertionFailedError"><![CDATA[org.opentest4j.AssertionFailedError: expected: <382499.15> but was: <382499.235>
	at CalcInterestTest.testPropertyLoanCase_TC_PB3(CalcInterestTest.java:45)
]]></failure>
  </testcase>
  <testcase name="testPropertyLoanCase_TC_PB4" classname="CalcInterestTest" time="0"/>
  <testcase name="testNegativeYearLoan_TC_E3" classname="CalcInterestTest" time="0"/>
  <testcase name="testUnrealisticYearLoan_TC_E4" classname="CalcInterestTest" time="0"/>
  <testcase name="testInvalidLoanType_TC_E1" classname="CalcInterestTest" time="0.003"/>
  <testcase name="testAdditionalHomeLoan_TC_H1" classname="CalcInterestTest" time="0.007"/>
  <testcase name="testAdditionalHomeLoan_TC_H2" classname="CalcInterestTest" time="0"/>
  <testcase name="testAdditionalHomeLoan_TC_H3" classname="CalcInterestTest" time="0.001"/>
  <testcase name="testHomeLoanCase_TC_HB1" classname="CalcInterestTest" time="0.011">
    <failure message="expected: &lt;19999.8&gt; but was: &lt;39999.6&gt;" type="org.opentest4j.AssertionFailedError"><![CDATA[org.opentest4j.AssertionFailedError: expected: <19999.8> but was: <39999.6>
	at CalcInterestTest.testHomeLoanCase_TC_HB1(CalcInterestTest.java:9)
]]></failure>
  </testcase>
  <testcase name="testHomeLoanCase_TC_HB2" classname="CalcInterestTest" time="0.002"/>
  <testcase name="testHomeLoanCase_TC_HB3" classname="CalcInterestTest" time="0.004"/>
  <testcase name="testHomeLoanCase_TC_HB4" classname="CalcInterestTest" time="0.004">
    <failure message="expected: &lt;11500.0&gt; but was: &lt;20000.0&gt;" type="org.opentest4j.AssertionFailedError"><![CDATA[org.opentest4j.AssertionFailedError: expected: <11500.0> but was: <20000.0>
	at CalcInterestTest.testHomeLoanCase_TC_HB4(CalcInterestTest.java:24)
]]></failure>
  </testcase>
  <testcase name="testHomeLoanCase_TC_HB5" classname="CalcInterestTest" time="0.006">
    <failure message="expected: &lt;231000.0&gt; but was: &lt;0.0&gt;" type="org.opentest4j.AssertionFailedError"><![CDATA[org.opentest4j.AssertionFailedError: expected: <231000.0> but was: <0.0>
	at CalcInterestTest.testHomeLoanCase_TC_HB5(CalcInterestTest.java:29)
]]></failure>
  </testcase>
  <testcase name="testYearLoanZero_TC_E5" classname="CalcInterestTest" time="0.002"/>
  <testcase name="testNegativeLoanAmount_TC_E2" classname="CalcInterestTest" time="0.001"/>
</testsuite>